Drill Listing
=============
Drill: .035  Tool: 1  Feed: 0  Speed: 0
X 1910000  Y 2010000
X 1920000  Y 2010000
X 1930000  Y 2010000
X 1940000  Y 2010000
X 1950000  Y 2010000
X 1910000  Y 2040000
X 1920000  Y 2040000
X 1950000  Y 2040000
X 1940000  Y 2040000
X 1930000  Y 2040000
X 1970000  Y 2040000
X 1960000  Y 2040000
X 1980000  Y 2040000
X 2000000  Y 2040000
X 1970000  Y 2010000
X 1980000  Y 2010000
X 2000000  Y 2010000
X 1960000  Y 2010000
X 2010000  Y 2010000
X 2020000  Y 2010000
X 2030000  Y 2010000
X 2040000  Y 2010000
X 2050000  Y 2010000
X 2020000  Y 2040000
X 2010000  Y 2040000
X 2050000  Y 2040000
X 2040000  Y 2040000
X 2030000  Y 2040000
X 2020000  Y 2090000
X 2040000  Y 2090000
X 2060000  Y 2090000
X 2100000  Y 2090000
X 2080000  Y 2090000
X 2060000  Y 2040000
X 2060000  Y 2010000
X 2120000  Y 2090000
X 2140000  Y 2090000
X 2160000  Y 2090000
X 2180000  Y 2090000
X 2200000  Y 2090000
X 2220000  Y 2090000
X 2240000  Y 2090000
X 2260000  Y 2090000
X 2280000  Y 2090000
X 2300000  Y 2090000
X 2320000  Y 2090000
X 2340000  Y 2090000
X 2360000  Y 2090000
X 2380000  Y 1980000
X 2380000  Y 1970000
X 2380000  Y 1930000
X 2380000  Y 1920000

Drill: .037  Tool: 2  Feed: 0  Speed: 0
X 1970000  Y 1920000
X 1970000  Y 1966900
X 1965000  Y 1985000
X 1967500  Y 1992500
X 1905000  Y 2052500
X 1912500  Y 2100000
X 2020000  Y 2110000
X 2012500  Y 2107500
X 2025000  Y 2097500
X 1985000  Y 2052500
X 1995000  Y 2020000
X 2016900  Y 1966900
X 2016900  Y 1920000
X 2090000  Y 2020000
X 2065000  Y 2060000
X 2095000  Y 2060000
X 2070000  Y 2082500
X 2150000  Y 2075000
X 2117500  Y 2055000
X 2135000  Y 1992500
X 2172500  Y 1987500
X 2135000  Y 1897500
X 2210000  Y 1910000
X 2230000  Y 1910000
X 2235000  Y 1995000
X 2240000  Y 2010000
X 2240000  Y 2020000
X 2220000  Y 2045000
X 2187500  Y 2055000
X 2180000  Y 2105000
X 2272500  Y 2087500
X 2267500  Y 2080000
X 2280000  Y 2072500
X 2265000  Y 2027500
X 2300000  Y 2025000
X 2275000  Y 2007500
X 2292500  Y 1980000
X 2277500  Y 1947500
X 2275000  Y 1915000
X 2305000  Y 1905000
X 2312500  Y 1907500
X 2312500  Y 2000000
X 2357500  Y 2020000
X 2375000  Y 2107500
X 2352500  Y 2115000

Drill: .04  Tool: 3  Feed: 0  Speed: 0
X 1920000  Y 1970000
X 1940000  Y 1970000
X 1930000  Y 1980000

Drill: .05  Tool: 4  Feed: 0  Speed: 0
X 2260000  Y 1914000
X 2260000  Y 1946000
X 2290000  Y 1946000
X 2320000  Y 1946000
X 2320000  Y 1914000
X 2290000  Y 1914000

Drill: .06  Tool: 5  Feed: 0  Speed: 0
X 2100000  Y 2010000
X 2100000  Y 2030000
X 2160000  Y 2030000
X 2160000  Y 2010000

Drill: .062  Tool: 6  Feed: 0  Speed: 0
X 1970000  Y 2060000
X 2000000  Y 2060000

Drill: .085  Tool: 7  Feed: 0  Speed: 0
X 2260000  Y 1956300
X 2290000  Y 1956300
X 2320000  Y 1956300

Drill: .15  Tool: 8  Feed: 0  Speed: 0
X 1930000  Y 1905000

End of Listing
